<?xml version="1.0" encoding="UTF-8"?>
<testng-results ignored="0" total="2" passed="2" failed="0" skipped="0">
  <reporter-output>
  </reporter-output>
  <suite started-at="2023-08-31T13:00:33 IST" name="Suite" finished-at="2023-08-31T13:00:33 IST" duration-ms="76">
    <groups>
    </groups>
    <test started-at="2023-08-31T13:00:33 IST" name="Test" finished-at="2023-08-31T13:00:33 IST" duration-ms="76">
      <class name="isuitelistener.Testclass2">
        <test-method is-config="true" signature="before_test2()[pri:0, instance:isuitelistener.Testclass2@4afcd809]" started-at="2023-08-31T13:00:33 IST" name="before_test2" finished-at="2023-08-31T13:00:33 IST" duration-ms="14" status="PASS">
          <reporter-output>
          </reporter-output>
        </test-method> <!-- before_test2 -->
        <test-method signature="testpack2()[pri:0, instance:isuitelistener.Testclass2@4afcd809]" started-at="2023-08-31T13:00:33 IST" name="testpack2" finished-at="2023-08-31T13:00:33 IST" duration-ms="7" status="PASS">
          <reporter-output>
          </reporter-output>
        </test-method> <!-- testpack2 -->
        <test-method is-config="true" signature="afer_test2()[pri:0, instance:isuitelistener.Testclass2@4afcd809]" started-at="2023-08-31T13:00:33 IST" name="afer_test2" finished-at="2023-08-31T13:00:33 IST" duration-ms="1" status="PASS">
          <reporter-output>
          </reporter-output>
        </test-method> <!-- afer_test2 -->
      </class> <!-- isuitelistener.Testclass2 -->
    </test> <!-- Test -->
  </suite> <!-- Suite -->
  <suite started-at="2023-08-31T13:00:33 IST" name="Suite (0)" finished-at="2023-08-31T13:00:33 IST" duration-ms="9">
    <groups>
    </groups>
    <test started-at="2023-08-31T13:00:33 IST" name="Test" finished-at="2023-08-31T13:00:33 IST" duration-ms="9">
      <class name="isuitelistener.Testclass1">
        <test-method is-config="true" signature="before_test()[pri:0, instance:isuitelistener.Testclass1@15de0b3c]" started-at="2023-08-31T13:00:33 IST" name="before_test" finished-at="2023-08-31T13:00:33 IST" duration-ms="1" status="PASS">
          <reporter-output>
          </reporter-output>
        </test-method> <!-- before_test -->
        <test-method signature="test_pack1()[pri:0, instance:isuitelistener.Testclass1@15de0b3c]" started-at="2023-08-31T13:00:33 IST" name="test_pack1" finished-at="2023-08-31T13:00:33 IST" duration-ms="3" status="PASS">
          <reporter-output>
          </reporter-output>
        </test-method> <!-- test_pack1 -->
        <test-method is-config="true" signature="after_test()[pri:0, instance:isuitelistener.Testclass1@15de0b3c]" started-at="2023-08-31T13:00:33 IST" name="after_test" finished-at="2023-08-31T13:00:33 IST" duration-ms="1" status="PASS">
          <reporter-output>
          </reporter-output>
        </test-method> <!-- after_test -->
      </class> <!-- isuitelistener.Testclass1 -->
    </test> <!-- Test -->
  </suite> <!-- Suite (0) -->
  <suite started-at="2023-08-31T13:00:33 IST" name="Parentsuite" finished-at="2023-08-31T13:00:33 IST" duration-ms="0">
    <groups>
    </groups>
  </suite> <!-- Parentsuite -->
</testng-results>
